<?xml version="1.0" encoding="UTF-8"?>
<!-- Generated by org.testng.reporters.JUnitReportReporter -->
<testsuite skipped="0" hostname="ADMIN-PC" name="pom.testcases.Test001" tests="2" failures="0" timestamp="06 Feb 2019 12:31:26 GMT" time="49.633" errors="0">
  <testcase name="tc001" time="25.622" classname="pom.testcases.Test001"/>
  <testcase name="tc001" time="24.011" classname="pom.testcases.Test001"/>
</testsuite> <!-- pom.testcases.Test001 -->
